==== Instalação do Apache iniciada em Wed Jun 10 22:42:08 UTC 2026 ====

WARNING: apt does not have a stable CLI interface. Use with caution in scripts.

Hit:1 http://security.ubuntu.com/ubuntu jammy-security InRelease
Hit:2 http://archive.ubuntu.com/ubuntu jammy InRelease
Hit:3 http://archive.ubuntu.com/ubuntu jammy-updates InRelease
Hit:4 http://archive.ubuntu.com/ubuntu jammy-backports InRelease
Reading package lists...
Building dependency tree...
Reading state information...
All packages are up to date.

WARNING: apt does not have a stable CLI interface. Use with caution in scripts.

Reading package lists...
Building dependency tree...
Reading state information...
apache2 is already the newest version (2.4.52-1ubuntu4.21).
0 upgraded, 0 newly installed, 0 to remove and 0 not upgraded.
[SUCESSO] Apache instalado em Wed Jun 10 22:42:15 UTC 2026
[OK] Apache encontrado no sistema.
==== Versão do Apache ====
Server version: Apache/2.4.52 (Ubuntu)
Server built:   2026-06-03T15:42:24
==== Instalação do Apache iniciada em Thu Jun 11 00:39:33 UTC 2026 ====

WARNING: apt does not have a stable CLI interface. Use with caution in scripts.

Hit:1 http://security.ubuntu.com/ubuntu jammy-security InRelease
Hit:2 http://archive.ubuntu.com/ubuntu jammy InRelease
Hit:3 http://archive.ubuntu.com/ubuntu jammy-updates InRelease
Hit:4 http://archive.ubuntu.com/ubuntu jammy-backports InRelease
Reading package lists...
Building dependency tree...
Reading state information...
All packages are up to date.

WARNING: apt does not have a stable CLI interface. Use with caution in scripts.

Reading package lists...
Building dependency tree...
Reading state information...
apache2 is already the newest version (2.4.52-1ubuntu4.21).
0 upgraded, 0 newly installed, 0 to remove and 0 not upgraded.
[SUCESSO] Apache instalado em Thu Jun 11 00:39:38 UTC 2026
[OK] Apache encontrado no sistema.
==== Versão do Apache ====
Server version: Apache/2.4.52 (Ubuntu)
Server built:   2026-06-03T15:42:24
